<?xml version="1.0" encoding="UTF-8"?>
<testng-results skipped="0" failed="0" ignored="0" total="1" passed="1">
  <reporter-output>
  </reporter-output>
  <suite name="Default suite" duration-ms="814" started-at="2018-09-27T08:19:01Z" finished-at="2018-09-27T08:19:02Z">
    <groups>
    </groups>
    <test name="Default test" duration-ms="814" started-at="2018-09-27T08:19:01Z" finished-at="2018-09-27T08:19:02Z">
      <class name="TestDatabase">
        <test-method status="PASS" signature="dbConncetion()[pri:0, instance:TestDatabase@14acaea5]" name="dbConncetion" duration-ms="765" started-at="2018-09-27T08:19:01Z" finished-at="2018-09-27T08:19:02Z">
          <reporter-output>
          </reporter-output>
        </test-method> <!-- dbConncetion -->
      </class> <!-- TestDatabase -->
    </test> <!-- Default test -->
  </suite> <!-- Default suite -->
</testng-results>
