<?xml version="1.0" encoding="UTF-8"?>
<testng-results skipped="0" failed="0" ignored="0" total="1" passed="1">
  <reporter-output>
  </reporter-output>
  <suite name="Default suite" duration-ms="722" started-at="2018-09-27T13:11:05Z" finished-at="2018-09-27T13:11:06Z">
    <groups>
    </groups>
    <test name="Default test" duration-ms="722" started-at="2018-09-27T13:11:05Z" finished-at="2018-09-27T13:11:06Z">
      <class name="AllInOne">
        <test-method status="PASS" signature="e2e()[pri:0, instance:AllInOne@14acaea5]" name="e2e" duration-ms="671" started-at="2018-09-27T13:11:05Z" finished-at="2018-09-27T13:11:06Z">
          <reporter-output>
          </reporter-output>
        </test-method> <!-- e2e -->
      </class> <!-- AllInOne -->
    </test> <!-- Default test -->
  </suite> <!-- Default suite -->
</testng-results>
